2017-10-12 22:42:40,841 INFO  [Log] **************************************************************************************** 
2017-10-12 22:42:40,842 INFO  [Log] **************************************************************************************** 
2017-10-12 22:42:40,842 INFO  [Log] $$$$$$$$$$$$$$$$$$$$$                 Submit_Comment       $$$$$$$$$$$$$$$$$$$$$$$$$ 
2017-10-12 22:42:40,842 INFO  [Log] **************************************************************************************** 
2017-10-12 22:42:40,842 INFO  [Log] **************************************************************************************** 
2017-10-12 22:42:40,843 ERROR [Log] Class Utils | Method getCellData | Exception desc : null 
2017-10-12 22:42:40,843 INFO  [Log] Opening Browser 
2017-10-12 22:42:43,383 INFO  [Log] Chrome browser started 
2017-10-12 22:42:43,392 INFO  [Log] XXXXXXXXXXXXXXXXXXXXXXX             -E---N---D-             XXXXXXXXXXXXXXXXXXXXXX 
2017-10-12 22:42:43,392 INFO  [Log] X 
2017-10-12 22:42:43,392 INFO  [Log] X 
2017-10-12 22:42:43,392 INFO  [Log] X 
2017-10-12 22:42:43,392 INFO  [Log] X 
2017-10-12 22:42:43,392 INFO  [Log] **************************************************************************************** 
2017-10-12 22:42:43,392 INFO  [Log] **************************************************************************************** 
2017-10-12 22:42:43,392 INFO  [Log] $$$$$$$$$$$$$$$$$$$$$                 Complete_ContastUs       $$$$$$$$$$$$$$$$$$$$$$$$$ 
2017-10-12 22:42:43,392 INFO  [Log] **************************************************************************************** 
2017-10-12 22:42:43,392 INFO  [Log] **************************************************************************************** 
2017-10-12 22:42:43,392 ERROR [Log] Class Utils | Method getCellData | Exception desc : null 
2017-10-12 22:42:43,393 INFO  [Log] Opening Browser 
2017-10-12 22:42:46,297 INFO  [Log] Chrome browser started 
2017-10-12 22:42:46,305 INFO  [Log] XXXXXXXXXXXXXXXXXXXXXXX             -E---N---D-             XXXXXXXXXXXXXXXXXXXXXX 
2017-10-12 22:42:46,305 INFO  [Log] X 
2017-10-12 22:42:46,305 INFO  [Log] X 
2017-10-12 22:42:46,305 INFO  [Log] X 
2017-10-12 22:42:46,305 INFO  [Log] X 
2017-10-12 22:42:56,258 INFO  [Log] **************************************************************************************** 
2017-10-12 22:42:56,258 INFO  [Log] **************************************************************************************** 
2017-10-12 22:42:56,258 INFO  [Log] $$$$$$$$$$$$$$$$$$$$$                 Submit_Comment       $$$$$$$$$$$$$$$$$$$$$$$$$ 
2017-10-12 22:42:56,258 INFO  [Log] **************************************************************************************** 
2017-10-12 22:42:56,258 INFO  [Log] **************************************************************************************** 
2017-10-12 22:42:56,259 ERROR [Log] Class Utils | Method getCellData | Exception desc : null 
2017-10-12 22:42:56,260 INFO  [Log] Opening Browser 
2017-10-12 22:42:59,311 INFO  [Log] Chrome browser started 
2017-10-12 22:42:59,479 INFO  [Log] Navigating to URL 
2017-10-12 22:43:04,146 INFO  [Log] Wait for 10 seconds 
2017-10-12 22:43:09,240 INFO  [Log] Clicking on Webelement main_products_img Our love is special!! 
2017-10-12 22:43:11,324 INFO  [Log] Entering the text in comment_name 
2017-10-12 22:43:11,468 INFO  [Log] Entering the text in comment_email 
2017-10-12 22:43:11,625 INFO  [Log] Entering the text in comment_url 
2017-10-12 22:43:11,801 ERROR [Log] Class Utils | Method getCellData | Exception desc : Cannot get a text value from a numeric cell 
2017-10-12 22:43:11,801 INFO  [Log] Clicking on Webelement comment_rate  
2017-10-12 22:43:11,912 INFO  [Log] Closing the browser 
2017-10-12 22:43:13,035 INFO  [Log] XXXXXXXXXXXXXXXXXXXXXXX             -E---N---D-             XXXXXXXXXXXXXXXXXXXXXX 
2017-10-12 22:43:13,035 INFO  [Log] X 
2017-10-12 22:43:13,035 INFO  [Log] X 
2017-10-12 22:43:13,035 INFO  [Log] X 
2017-10-12 22:43:13,035 INFO  [Log] X 
2017-10-12 22:43:13,036 INFO  [Log] **************************************************************************************** 
2017-10-12 22:43:13,036 INFO  [Log] **************************************************************************************** 
2017-10-12 22:43:13,036 INFO  [Log] $$$$$$$$$$$$$$$$$$$$$                 Complete_ContastUs       $$$$$$$$$$$$$$$$$$$$$$$$$ 
2017-10-12 22:43:13,036 INFO  [Log] **************************************************************************************** 
2017-10-12 22:43:13,036 INFO  [Log] **************************************************************************************** 
2017-10-12 22:43:13,036 ERROR [Log] Class Utils | Method getCellData | Exception desc : null 
2017-10-12 22:43:13,036 INFO  [Log] Opening Browser 
2017-10-12 22:43:15,676 INFO  [Log] Chrome browser started 
2017-10-12 22:43:15,725 INFO  [Log] Navigating to URL 
2017-10-12 22:43:20,359 INFO  [Log] Wait for 10 seconds 
2017-10-12 22:43:25,404 INFO  [Log] Clicking on Webelement contact_us  
2017-10-12 22:43:27,385 INFO  [Log] Entering the text in contact_name 
2017-10-12 22:43:27,494 INFO  [Log] Entering the text in contact_email 
2017-10-12 22:43:27,615 INFO  [Log] Entering the text in contact_subject 
2017-10-12 22:43:27,729 INFO  [Log] Entering the text in contact_message 
2017-10-12 22:43:27,863 INFO  [Log] Clicking on Webelement contact_sent  
2017-10-12 22:43:27,970 INFO  [Log] Wait for 10 seconds 
2017-10-12 22:43:33,011 INFO  [Log] Closing the browser 
2017-10-12 22:43:34,173 INFO  [Log] XXXXXXXXXXXXXXXXXXXXXXX             -E---N---D-             XXXXXXXXXXXXXXXXXXXXXX 
2017-10-12 22:43:34,173 INFO  [Log] X 
2017-10-12 22:43:34,173 INFO  [Log] X 
2017-10-12 22:43:34,175 INFO  [Log] X 
2017-10-12 22:43:34,175 INFO  [Log] X 
2017-10-12 22:45:36,847 INFO  [Log] **************************************************************************************** 
2017-10-12 22:45:36,848 INFO  [Log] **************************************************************************************** 
2017-10-12 22:45:36,848 INFO  [Log] $$$$$$$$$$$$$$$$$$$$$                 Submit_Comment       $$$$$$$$$$$$$$$$$$$$$$$$$ 
2017-10-12 22:45:36,848 INFO  [Log] **************************************************************************************** 
2017-10-12 22:45:36,848 INFO  [Log] **************************************************************************************** 
2017-10-12 22:45:36,848 ERROR [Log] Class Utils | Method getCellData | Exception desc : null 
2017-10-12 22:45:36,849 INFO  [Log] Opening Browser 
2017-10-12 22:45:39,902 INFO  [Log] Chrome browser started 
2017-10-12 22:45:40,040 INFO  [Log] Navigating to URL 
2017-10-12 22:45:45,869 INFO  [Log] Wait for 10 seconds 
2017-10-12 22:45:50,948 INFO  [Log] Clicking on Webelement main_products_img Our love is special!! 
2017-10-12 22:45:53,223 INFO  [Log] Entering the text in comment_name 
2017-10-12 22:45:53,373 INFO  [Log] Entering the text in comment_email 
2017-10-12 22:45:53,514 INFO  [Log] Entering the text in comment_url 
2017-10-12 22:45:53,690 INFO  [Log] Clicking on Webelement comment_rate 4.5 
2017-10-12 22:45:53,812 INFO  [Log] Entering the text in comment_txt_area 
2017-10-12 22:45:53,955 INFO  [Log] Clicking on Webelement comment_submit  
2017-10-12 22:45:56,894 INFO  [Log] Wait for 10 seconds 
2017-10-12 22:46:01,934 INFO  [Log] Closing the browser 
2017-10-12 22:46:03,143 INFO  [Log] XXXXXXXXXXXXXXXXXXXXXXX             -E---N---D-             XXXXXXXXXXXXXXXXXXXXXX 
2017-10-12 22:46:03,143 INFO  [Log] X 
2017-10-12 22:46:03,143 INFO  [Log] X 
2017-10-12 22:46:03,144 INFO  [Log] X 
2017-10-12 22:46:03,144 INFO  [Log] X 
2017-10-12 22:46:03,144 INFO  [Log] **************************************************************************************** 
2017-10-12 22:46:03,144 INFO  [Log] **************************************************************************************** 
2017-10-12 22:46:03,144 INFO  [Log] $$$$$$$$$$$$$$$$$$$$$                 Complete_ContastUs       $$$$$$$$$$$$$$$$$$$$$$$$$ 
2017-10-12 22:46:03,144 INFO  [Log] **************************************************************************************** 
2017-10-12 22:46:03,144 INFO  [Log] **************************************************************************************** 
2017-10-12 22:46:03,144 ERROR [Log] Class Utils | Method getCellData | Exception desc : null 
2017-10-12 22:46:03,144 INFO  [Log] Opening Browser 
2017-10-12 22:46:05,266 INFO  [Log] Chrome browser started 
2017-10-12 22:46:05,312 INFO  [Log] Navigating to URL 
2017-10-12 22:46:10,253 INFO  [Log] Wait for 10 seconds 
2017-10-12 22:46:15,292 INFO  [Log] Clicking on Webelement contact_us  
2017-10-12 22:46:16,584 INFO  [Log] Entering the text in contact_name 
2017-10-12 22:46:16,696 INFO  [Log] Entering the text in contact_email 
2017-10-12 22:46:16,809 INFO  [Log] Entering the text in contact_subject 
2017-10-12 22:46:16,920 INFO  [Log] Entering the text in contact_message 
2017-10-12 22:46:17,044 INFO  [Log] Clicking on Webelement contact_sent  
2017-10-12 22:46:17,138 INFO  [Log] Wait for 10 seconds 
2017-10-12 22:46:22,199 INFO  [Log] Closing the browser 
2017-10-12 22:46:23,428 INFO  [Log] XXXXXXXXXXXXXXXXXXXXXXX             -E---N---D-             XXXXXXXXXXXXXXXXXXXXXX 
2017-10-12 22:46:23,428 INFO  [Log] X 
2017-10-12 22:46:23,428 INFO  [Log] X 
2017-10-12 22:46:23,428 INFO  [Log] X 
2017-10-12 22:46:23,428 INFO  [Log] X 
2017-10-13 14:26:35,931 INFO  [Log] **************************************************************************************** 
2017-10-13 14:26:35,931 INFO  [Log] **************************************************************************************** 
2017-10-13 14:26:35,931 INFO  [Log] $$$$$$$$$$$$$$$$$$$$$                 Add_Item_To_Cart       $$$$$$$$$$$$$$$$$$$$$$$$$ 
2017-10-13 14:26:35,931 INFO  [Log] **************************************************************************************** 
2017-10-13 14:26:35,931 INFO  [Log] **************************************************************************************** 
2017-10-13 14:26:35,932 ERROR [Log] Class Utils | Method getCellData | Exception desc : null 
2017-10-13 14:26:35,933 INFO  [Log] Opening Browser 
2017-10-13 14:26:38,955 INFO  [Log] Chrome browser started 
2017-10-13 14:26:39,100 INFO  [Log] Navigating to URL 
2017-10-13 14:26:59,278 INFO  [Log] Wait for 10 seconds 
2017-10-13 14:27:04,360 INFO  [Log] Clicking on Webelement special_items_img Closeness and Togetherness 
2017-10-13 14:27:12,960 INFO  [Log] Clicking on Webelement view_Item_add_to_cart  
2017-10-13 14:27:13,103 INFO  [Log] Wait for 10 seconds 
2017-10-13 14:27:18,149 INFO  [Log] Clicking on Webelement main_products_popUp_btn_add_to_cart Closeness and Togetherness 
2017-10-13 14:27:20,862 INFO  [Log] Wait for 10 seconds 
2017-10-13 14:27:25,916 INFO  [Log] Clicking on Webelement view_item_continueShopping  
2017-10-13 14:27:33,141 INFO  [Log] Clicking on Webelement img_logo  
2017-10-13 14:27:40,135 INFO  [Log] Closing the browser 
2017-10-13 14:27:41,503 INFO  [Log] XXXXXXXXXXXXXXXXXXXXXXX             -E---N---D-             XXXXXXXXXXXXXXXXXXXXXX 
2017-10-13 14:27:41,503 INFO  [Log] X 
2017-10-13 14:27:41,503 INFO  [Log] X 
2017-10-13 14:27:41,503 INFO  [Log] X 
2017-10-13 14:27:41,503 INFO  [Log] X 
2017-10-13 14:27:41,503 INFO  [Log] **************************************************************************************** 
2017-10-13 14:27:41,503 INFO  [Log] **************************************************************************************** 
2017-10-13 14:27:41,503 INFO  [Log] $$$$$$$$$$$$$$$$$$$$$                 Remove_Item_from_Cart       $$$$$$$$$$$$$$$$$$$$$$$$$ 
2017-10-13 14:27:41,504 INFO  [Log] **************************************************************************************** 
2017-10-13 14:27:41,504 INFO  [Log] **************************************************************************************** 
2017-10-13 14:27:41,504 ERROR [Log] Class Utils | Method getCellData | Exception desc : null 
2017-10-13 14:27:41,504 INFO  [Log] Opening Browser 
2017-10-13 14:27:44,129 INFO  [Log] Chrome browser started 
2017-10-13 14:27:44,171 INFO  [Log] Navigating to URL 
2017-10-13 14:28:03,110 INFO  [Log] Wait for 10 seconds 
2017-10-13 14:28:08,155 INFO  [Log] Clicking on Webelement special_items_btn_Add_to_cart Taking Long Drives Together 
2017-10-13 14:28:08,291 INFO  [Log] Wait for 10 seconds 
2017-10-13 14:28:13,336 INFO  [Log] Clicking on Webelement main_products_popUp_btn_add_to_cart Taking Long Drives Together 
2017-10-13 14:28:26,586 INFO  [Log] Wait for 10 seconds 
2017-10-13 14:28:31,623 INFO  [Log] Clicking on Webelement view_Item_remove_item Taking Long Drives Together 
2017-10-13 14:28:38,155 INFO  [Log] Clicking on Webelement view_item_continueShopping  
2017-10-13 14:28:39,474 INFO  [Log] Clicking on Webelement img_logo  
2017-10-13 14:28:40,558 INFO  [Log] Closing the browser 
2017-10-13 14:28:41,779 INFO  [Log] XXXXXXXXXXXXXXXXXXXXXXX             -E---N---D-             XXXXXXXXXXXXXXXXXXXXXX 
2017-10-13 14:28:41,779 INFO  [Log] X 
2017-10-13 14:28:41,779 INFO  [Log] X 
2017-10-13 14:28:41,779 INFO  [Log] X 
2017-10-13 14:28:41,779 INFO  [Log] X 
2017-10-13 14:28:41,780 INFO  [Log] **************************************************************************************** 
2017-10-13 14:28:41,780 INFO  [Log] **************************************************************************************** 
2017-10-13 14:28:41,780 INFO  [Log] $$$$$$$$$$$$$$$$$$$$$                 Complete_Purchase       $$$$$$$$$$$$$$$$$$$$$$$$$ 
2017-10-13 14:28:41,780 INFO  [Log] **************************************************************************************** 
2017-10-13 14:28:41,780 INFO  [Log] **************************************************************************************** 
2017-10-13 14:28:41,780 ERROR [Log] Class Utils | Method getCellData | Exception desc : null 
2017-10-13 14:28:41,780 INFO  [Log] Opening Browser 
2017-10-13 14:28:44,408 INFO  [Log] Chrome browser started 
2017-10-13 14:28:44,448 INFO  [Log] Navigating to URL 
2017-10-13 14:28:55,653 INFO  [Log] Wait for 10 seconds 
2017-10-13 14:29:00,687 INFO  [Log] Clicking on Webelement special_items_img Closeness and Togetherness 
2017-10-13 14:29:07,949 INFO  [Log] Clicking on Webelement view_Item_add_to_cart  
2017-10-13 14:29:08,067 INFO  [Log] Wait for 10 seconds 
2017-10-13 14:29:13,102 INFO  [Log] Clicking on Webelement main_products_popUp_btn_add_to_cart Closeness and Togetherness 
2017-10-13 14:29:14,372 INFO  [Log] Wait for 10 seconds 
2017-10-13 14:29:19,406 INFO  [Log] Clicking on Webelement view_item_continueShopping  
2017-10-13 14:29:20,681 INFO  [Log] Clicking on Webelement img_logo  
2017-10-13 14:29:27,135 INFO  [Log] Wait for 10 seconds 
2017-10-13 14:29:32,179 INFO  [Log] Clicking on Webelement special_items_btn_Add_to_cart Taking Long Drives Together 
2017-10-13 14:29:32,327 INFO  [Log] Wait for 10 seconds 
2017-10-13 14:29:37,361 INFO  [Log] Clicking on Webelement main_products_popUp_btn_add_to_cart Taking Long Drives Together 
2017-10-13 14:29:50,417 INFO  [Log] Wait for 10 seconds 
2017-10-13 14:29:55,452 INFO  [Log] Clicking on Webelement view_item_checkout  
2017-10-13 14:30:02,474 INFO  [Log] Clicking on Webelement checkout_btn_purchase  
2017-10-13 14:30:12,487 ERROR [Log] Not able to click --- no such element: Unable to locate element: {"method":"xpath","selector":"//*[@id="go"]"}
  (Session info: chrome=61.0.3163.100)
  (Driver info: chromedriver=2.27.440174 (e97a722caafc2d3a8b807ee115bfb307f7d2cfd9),platform=Windows NT 6.1.7601 SP1 x86_64) (WARNING: The server did not provide any stacktrace information)
Command duration or timeout: 10.01 seconds
For documentation on this error, please visit: http://seleniumhq.org/exceptions/no_such_element.html
Build info: version: '2.20.0', revision: '16008', time: '2012-02-27 19:03:59'
System info: os.name: 'Windows 7', os.arch: 'amd64', os.version: '6.1', java.version: '1.8.0_101'
Driver info: driver.version: RemoteWebDriver 
2017-10-13 14:30:12,522 INFO  [Log] Closing the browser 
2017-10-13 14:30:13,737 INFO  [Log] XXXXXXXXXXXXXXXXXXXXXXX             -E---N---D-             XXXXXXXXXXXXXXXXXXXXXX 
2017-10-13 14:30:13,737 INFO  [Log] X 
2017-10-13 14:30:13,737 INFO  [Log] X 
2017-10-13 14:30:13,737 INFO  [Log] X 
2017-10-13 14:30:13,737 INFO  [Log] X 
2017-10-13 14:30:13,737 INFO  [Log] **************************************************************************************** 
2017-10-13 14:30:13,737 INFO  [Log] **************************************************************************************** 
2017-10-13 14:30:13,737 INFO  [Log] $$$$$$$$$$$$$$$$$$$$$                 Submit_Comment       $$$$$$$$$$$$$$$$$$$$$$$$$ 
2017-10-13 14:30:13,737 INFO  [Log] **************************************************************************************** 
2017-10-13 14:30:13,737 INFO  [Log] **************************************************************************************** 
2017-10-13 14:30:13,737 ERROR [Log] Class Utils | Method getCellData | Exception desc : null 
2017-10-13 14:30:13,737 INFO  [Log] Opening Browser 
2017-10-13 14:30:16,366 INFO  [Log] Chrome browser started 
2017-10-13 14:30:16,405 INFO  [Log] Navigating to URL 
2017-10-13 14:30:26,660 INFO  [Log] Wait for 10 seconds 
2017-10-13 14:30:31,693 INFO  [Log] Clicking on Webelement main_products_img Our love is special!! 
2017-10-13 14:30:40,077 INFO  [Log] Entering the text in comment_name 
2017-10-13 14:30:40,186 INFO  [Log] Entering the text in comment_email 
2017-10-13 14:30:40,303 INFO  [Log] Entering the text in comment_url 
2017-10-13 14:30:40,463 INFO  [Log] Clicking on Webelement comment_rate 4.5 
2017-10-13 14:30:40,558 INFO  [Log] Entering the text in comment_txt_area 
2017-10-13 14:30:40,670 INFO  [Log] Clicking on Webelement comment_submit  
2017-10-13 14:30:54,157 INFO  [Log] Wait for 10 seconds 
2017-10-13 14:30:59,200 INFO  [Log] Closing the browser 
2017-10-13 14:31:00,417 INFO  [Log] XXXXXXXXXXXXXXXXXXXXXXX             -E---N---D-             XXXXXXXXXXXXXXXXXXXXXX 
2017-10-13 14:31:00,418 INFO  [Log] X 
2017-10-13 14:31:00,418 INFO  [Log] X 
2017-10-13 14:31:00,418 INFO  [Log] X 
2017-10-13 14:31:00,418 INFO  [Log] X 
2017-10-13 14:31:00,418 INFO  [Log] **************************************************************************************** 
2017-10-13 14:31:00,418 INFO  [Log] **************************************************************************************** 
2017-10-13 14:31:00,418 INFO  [Log] $$$$$$$$$$$$$$$$$$$$$                 Complete_ContastUs       $$$$$$$$$$$$$$$$$$$$$$$$$ 
2017-10-13 14:31:00,418 INFO  [Log] **************************************************************************************** 
2017-10-13 14:31:00,418 INFO  [Log] **************************************************************************************** 
2017-10-13 14:31:00,418 ERROR [Log] Class Utils | Method getCellData | Exception desc : null 
2017-10-13 14:31:00,418 INFO  [Log] Opening Browser 
2017-10-13 14:31:03,045 INFO  [Log] Chrome browser started 
2017-10-13 14:31:03,081 INFO  [Log] Navigating to URL 
2017-10-13 14:31:13,736 INFO  [Log] Wait for 10 seconds 
2017-10-13 14:31:18,769 INFO  [Log] Clicking on Webelement contact_us  
2017-10-13 14:31:25,637 INFO  [Log] Entering the text in contact_name 
2017-10-13 14:31:25,741 INFO  [Log] Entering the text in contact_email 
2017-10-13 14:31:25,846 INFO  [Log] Entering the text in contact_subject 
2017-10-13 14:31:25,955 INFO  [Log] Entering the text in contact_message 
2017-10-13 14:31:26,080 INFO  [Log] Clicking on Webelement contact_sent  
2017-10-13 14:31:26,171 INFO  [Log] Wait for 10 seconds 
2017-10-13 14:31:31,204 INFO  [Log] Closing the browser 
2017-10-13 14:31:32,379 INFO  [Log] XXXXXXXXXXXXXXXXXXXXXXX             -E---N---D-             XXXXXXXXXXXXXXXXXXXXXX 
2017-10-13 14:31:32,380 INFO  [Log] X 
2017-10-13 14:31:32,380 INFO  [Log] X 
2017-10-13 14:31:32,380 INFO  [Log] X 
2017-10-13 14:31:32,380 INFO  [Log] X 
2017-10-16 13:31:42,283 INFO  [Log] **************************************************************************************** 
2017-10-16 13:31:42,283 INFO  [Log] **************************************************************************************** 
2017-10-16 13:31:42,283 INFO  [Log] $$$$$$$$$$$$$$$$$$$$$                 Add_Item_To_Cart       $$$$$$$$$$$$$$$$$$$$$$$$$ 
2017-10-16 13:31:42,283 INFO  [Log] **************************************************************************************** 
2017-10-16 13:31:42,283 INFO  [Log] **************************************************************************************** 
2017-10-16 13:31:42,284 ERROR [Log] Class Utils | Method getCellData | Exception desc : null 
2017-10-16 13:31:42,285 INFO  [Log] Opening Browser 
2017-10-16 13:31:45,516 INFO  [Log] Chrome browser started 
2017-10-16 13:31:45,628 INFO  [Log] Navigating to URL 
2017-10-16 13:31:47,964 INFO  [Log] Wait for 10 seconds 
2017-10-16 13:31:53,046 INFO  [Log] Clicking on Webelement special_items_img Closeness and Togetherness 
2017-10-16 13:31:53,054 ERROR [Log] Not able to click --- no such window: target window already closed
from unknown error: web view not found
  (Session info: chrome=61.0.3163.100)
  (Driver info: chromedriver=2.27.440174 (e97a722caafc2d3a8b807ee115bfb307f7d2cfd9),platform=Windows NT 6.1.7601 SP1 x86_64) (WARNING: The server did not provide any stacktrace information)
Command duration or timeout: 2 milliseconds
Build info: version: '2.20.0', revision: '16008', time: '2012-02-27 19:03:59'
System info: os.name: 'Windows 7', os.arch: 'amd64', os.version: '6.1', java.version: '1.8.0_101'
Driver info: driver.version: RemoteWebDriver 
2017-10-16 13:31:53,135 INFO  [Log] Closing the browser 
2017-10-16 13:31:54,214 INFO  [Log] XXXXXXXXXXXXXXXXXXXXXXX             -E---N---D-             XXXXXXXXXXXXXXXXXXXXXX 
2017-10-16 13:31:54,214 INFO  [Log] X 
2017-10-16 13:31:54,214 INFO  [Log] X 
2017-10-16 13:31:54,214 INFO  [Log] X 
2017-10-16 13:31:54,214 INFO  [Log] X 
2017-10-16 13:31:54,214 INFO  [Log] **************************************************************************************** 
2017-10-16 13:31:54,214 INFO  [Log] **************************************************************************************** 
2017-10-16 13:31:54,214 INFO  [Log] $$$$$$$$$$$$$$$$$$$$$                 Remove_Item_from_Cart       $$$$$$$$$$$$$$$$$$$$$$$$$ 
2017-10-16 13:31:54,214 INFO  [Log] **************************************************************************************** 
2017-10-16 13:31:54,214 INFO  [Log] **************************************************************************************** 
2017-10-16 13:31:54,214 ERROR [Log] Class Utils | Method getCellData | Exception desc : null 
2017-10-16 13:31:54,214 INFO  [Log] Opening Browser 
2017-10-16 13:31:56,828 INFO  [Log] Chrome browser started 
2017-10-16 13:31:56,878 INFO  [Log] Navigating to URL 
2017-10-16 13:31:57,525 INFO  [Log] Wait for 10 seconds 
2017-10-16 13:32:02,578 INFO  [Log] Clicking on Webelement special_items_btn_Add_to_cart Taking Long Drives Together 
2017-10-16 13:32:02,586 ERROR [Log] Not able to click --- no such window: target window already closed
from unknown error: web view not found
  (Session info: chrome=61.0.3163.100)
  (Driver info: chromedriver=2.27.440174 (e97a722caafc2d3a8b807ee115bfb307f7d2cfd9),platform=Windows NT 6.1.7601 SP1 x86_64) (WARNING: The server did not provide any stacktrace information)
Command duration or timeout: 7 milliseconds
Build info: version: '2.20.0', revision: '16008', time: '2012-02-27 19:03:59'
System info: os.name: 'Windows 7', os.arch: 'amd64', os.version: '6.1', java.version: '1.8.0_101'
Driver info: driver.version: RemoteWebDriver 
2017-10-16 13:32:02,628 INFO  [Log] Closing the browser 
2017-10-16 13:32:03,695 INFO  [Log] XXXXXXXXXXXXXXXXXXXXXXX             -E---N---D-             XXXXXXXXXXXXXXXXXXXXXX 
2017-10-16 13:32:03,695 INFO  [Log] X 
2017-10-16 13:32:03,695 INFO  [Log] X 
2017-10-16 13:32:03,695 INFO  [Log] X 
2017-10-16 13:32:03,695 INFO  [Log] X 
2017-10-16 13:32:03,695 INFO  [Log] **************************************************************************************** 
2017-10-16 13:32:03,695 INFO  [Log] **************************************************************************************** 
2017-10-16 13:32:03,695 INFO  [Log] $$$$$$$$$$$$$$$$$$$$$                 Complete_Purchase       $$$$$$$$$$$$$$$$$$$$$$$$$ 
2017-10-16 13:32:03,695 INFO  [Log] **************************************************************************************** 
2017-10-16 13:32:03,695 INFO  [Log] **************************************************************************************** 
2017-10-16 13:32:03,696 ERROR [Log] Class Utils | Method getCellData | Exception desc : null 
2017-10-16 13:32:03,696 INFO  [Log] Opening Browser 
2017-10-16 13:32:06,315 INFO  [Log] Chrome browser started 
2017-10-16 13:32:06,359 INFO  [Log] Navigating to URL 
2017-10-16 13:32:13,218 INFO  [Log] Wait for 10 seconds 
2017-10-16 13:32:18,256 INFO  [Log] Clicking on Webelement special_items_img Closeness and Togetherness 
2017-10-16 13:32:18,259 ERROR [Log] Not able to click --- no such window: target window already closed
from unknown error: web view not found
  (Session info: chrome=61.0.3163.100)
  (Driver info: chromedriver=2.27.440174 (e97a722caafc2d3a8b807ee115bfb307f7d2cfd9),platform=Windows NT 6.1.7601 SP1 x86_64) (WARNING: The server did not provide any stacktrace information)
Command duration or timeout: 2 milliseconds
Build info: version: '2.20.0', revision: '16008', time: '2012-02-27 19:03:59'
System info: os.name: 'Windows 7', os.arch: 'amd64', os.version: '6.1', java.version: '1.8.0_101'
Driver info: driver.version: RemoteWebDriver 
2017-10-16 13:32:18,299 INFO  [Log] Closing the browser 
2017-10-16 13:32:19,382 INFO  [Log] XXXXXXXXXXXXXXXXXXXXXXX             -E---N---D-             XXXXXXXXXXXXXXXXXXXXXX 
2017-10-16 13:32:19,382 INFO  [Log] X 
2017-10-16 13:32:19,382 INFO  [Log] X 
2017-10-16 13:32:19,382 INFO  [Log] X 
2017-10-16 13:32:19,382 INFO  [Log] X 
2017-10-16 13:32:19,383 INFO  [Log] **************************************************************************************** 
2017-10-16 13:32:19,383 INFO  [Log] **************************************************************************************** 
2017-10-16 13:32:19,383 INFO  [Log] $$$$$$$$$$$$$$$$$$$$$                 Submit_Comment       $$$$$$$$$$$$$$$$$$$$$$$$$ 
2017-10-16 13:32:19,383 INFO  [Log] **************************************************************************************** 
2017-10-16 13:32:19,383 INFO  [Log] **************************************************************************************** 
2017-10-16 13:32:19,383 ERROR [Log] Class Utils | Method getCellData | Exception desc : null 
2017-10-16 13:32:19,383 INFO  [Log] Opening Browser 
2017-10-16 13:32:22,004 INFO  [Log] Chrome browser started 
2017-10-16 13:32:22,053 INFO  [Log] Navigating to URL 
2017-10-16 13:32:25,009 INFO  [Log] Wait for 10 seconds 
2017-10-16 13:32:30,047 INFO  [Log] Clicking on Webelement main_products_img Our love is special!! 
2017-10-16 13:32:30,049 ERROR [Log] Not able to click --- no such window: target window already closed
from unknown error: web view not found
  (Session info: chrome=61.0.3163.100)
  (Driver info: chromedriver=2.27.440174 (e97a722caafc2d3a8b807ee115bfb307f7d2cfd9),platform=Windows NT 6.1.7601 SP1 x86_64) (WARNING: The server did not provide any stacktrace information)
Command duration or timeout: 2 milliseconds
Build info: version: '2.20.0', revision: '16008', time: '2012-02-27 19:03:59'
System info: os.name: 'Windows 7', os.arch: 'amd64', os.version: '6.1', java.version: '1.8.0_101'
Driver info: driver.version: RemoteWebDriver 
2017-10-16 13:32:30,086 INFO  [Log] Closing the browser 
2017-10-16 13:32:31,154 INFO  [Log] XXXXXXXXXXXXXXXXXXXXXXX             -E---N---D-             XXXXXXXXXXXXXXXXXXXXXX 
2017-10-16 13:32:31,154 INFO  [Log] X 
2017-10-16 13:32:31,154 INFO  [Log] X 
2017-10-16 13:32:31,154 INFO  [Log] X 
2017-10-16 13:32:31,154 INFO  [Log] X 
2017-10-16 13:32:31,154 INFO  [Log] **************************************************************************************** 
2017-10-16 13:32:31,154 INFO  [Log] **************************************************************************************** 
2017-10-16 13:32:31,154 INFO  [Log] $$$$$$$$$$$$$$$$$$$$$                 Complete_ContastUs       $$$$$$$$$$$$$$$$$$$$$$$$$ 
2017-10-16 13:32:31,154 INFO  [Log] **************************************************************************************** 
2017-10-16 13:32:31,154 INFO  [Log] **************************************************************************************** 
2017-10-16 13:32:31,154 ERROR [Log] Class Utils | Method getCellData | Exception desc : null 
2017-10-16 13:32:31,154 INFO  [Log] Opening Browser 
2017-10-16 13:32:33,774 INFO  [Log] Chrome browser started 
2017-10-16 13:32:33,814 INFO  [Log] Navigating to URL 
2017-10-16 13:32:36,030 INFO  [Log] Wait for 10 seconds 
2017-10-16 13:32:41,066 INFO  [Log] Clicking on Webelement contact_us  
2017-10-16 13:32:41,068 ERROR [Log] Not able to click --- no such window: target window already closed
from unknown error: web view not found
  (Session info: chrome=61.0.3163.100)
  (Driver info: chromedriver=2.27.440174 (e97a722caafc2d3a8b807ee115bfb307f7d2cfd9),platform=Windows NT 6.1.7601 SP1 x86_64) (WARNING: The server did not provide any stacktrace information)
Command duration or timeout: 2 milliseconds
Build info: version: '2.20.0', revision: '16008', time: '2012-02-27 19:03:59'
System info: os.name: 'Windows 7', os.arch: 'amd64', os.version: '6.1', java.version: '1.8.0_101'
Driver info: driver.version: RemoteWebDriver 
2017-10-16 13:32:41,103 INFO  [Log] Closing the browser 
2017-10-16 13:32:42,182 INFO  [Log] XXXXXXXXXXXXXXXXXXXXXXX             -E---N---D-             XXXXXXXXXXXXXXXXXXXXXX 
2017-10-16 13:32:42,182 INFO  [Log] X 
2017-10-16 13:32:42,182 INFO  [Log] X 
2017-10-16 13:32:42,182 INFO  [Log] X 
2017-10-16 13:32:42,182 INFO  [Log] X 
